c:\users\cytech student\source\repos\raylibproject\build\raylib\bin\x64\debug\raylib.pdb
c:\users\cytech student\source\repos\raylibproject\build\raylib\bin\x64\debug\raylib.idb
c:\users\cytech student\source\repos\raylibproject\build\raylib\obj\x64\debug\utils.obj
c:\users\cytech student\source\repos\raylibproject\build\raylib\obj\x64\debug\rtextures.obj
c:\users\cytech student\source\repos\raylibproject\build\raylib\obj\x64\debug\rtext.obj
c:\users\cytech student\source\repos\raylibproject\build\raylib\obj\x64\debug\rshapes.obj
c:\users\cytech student\source\repos\raylibproject\build\raylib\obj\x64\debug\rglfw.obj
c:\users\cytech student\source\repos\raylibproject\build\raylib\obj\x64\debug\rmodels.obj
c:\users\cytech student\source\repos\raylibproject\build\raylib\obj\x64\debug\rcore.obj
c:\users\cytech student\source\repos\raylibproject\build\raylib\obj\x64\debug\raudio.obj
c:\users\cytech student\source\repos\raylibproject\build\raylib\bin\x64\debug\raylib.lib
c:\users\cytech student\source\repos\raylibproject\build\raylib\obj\x64\debug\raylib.dll.res
c:\users\cytech student\source\repos\raylibproject\\build\raylib\bin\x64\debug\raylib.pdb
c:\users\cytech student\source\repos\raylibproject\\build\raylib\obj\x64\debug\raylib.vcxproj.filelistabsolute.txt
c:\users\cytech student\source\repos\raylibproject\build\raylib\obj\x64\debug\raylib.tlog\cl.command.1.tlog
c:\users\cytech student\source\repos\raylibproject\build\raylib\obj\x64\debug\raylib.tlog\cl.read.1.tlog
c:\users\cytech student\source\repos\raylibproject\build\raylib\obj\x64\debug\raylib.tlog\cl.write.1.tlog
c:\users\cytech student\source\repos\raylibproject\build\raylib\obj\x64\debug\raylib.tlog\lib-link-cvtres.read.1.tlog
c:\users\cytech student\source\repos\raylibproject\build\raylib\obj\x64\debug\raylib.tlog\lib-link-cvtres.write.1.tlog
c:\users\cytech student\source\repos\raylibproject\build\raylib\obj\x64\debug\raylib.tlog\lib.command.1.tlog
c:\users\cytech student\source\repos\raylibproject\build\raylib\obj\x64\debug\raylib.tlog\rc.command.1.tlog
c:\users\cytech student\source\repos\raylibproject\build\raylib\obj\x64\debug\raylib.tlog\rc.read.1.tlog
c:\users\cytech student\source\repos\raylibproject\build\raylib\obj\x64\debug\raylib.tlog\rc.write.1.tlog
